Using pre-set license
Built from '2020.3/staging' branch; Version is '2020.3.33f1 (915a7af8b0d5) revision 9525882'; Using compiler version '192528614'; Build Type 'Release'
OS: 'Windows 10  (10.0.19044) 64bit Core' Language: 'en' Physical Memory: 32718 MB
BatchMode: 1, IsHumanControllingUs: 0, StartBugReporterOnCrash: 0, Is64bit: 1, IsPro: 0

COMMAND LINE ARGUMENTS:
E:\Unity\2020.3.33f1\Editor\Unity.exe
-adb2
-batchMode
-noUpm
-name
AssetImportWorker1
-projectPath
E:/Unity/Unity_Projects/LostLights/Lost Lights
-logFile
Logs/AssetImportWorker1.log
-srvPort
50399
Successfully changed project path to: E:/Unity/Unity_Projects/LostLights/Lost Lights
E:/Unity/Unity_Projects/LostLights/Lost Lights
Using Asset Import Pipeline V2.
Refreshing native plugins compatible for Editor in 304.01 ms, found 3 plugins.
Preloading 0 native plugins for Editor in 0.00 ms.
Initialize engine version: 2020.3.33f1 (915a7af8b0d5)
[Subsystems] Discovering subsystems at path E:/Unity/2020.3.33f1/Editor/Data/Resources/UnitySubsystems
[Subsystems] Discovering subsystems at path E:/Unity/Unity_Projects/LostLights/Lost Lights/Assets
GfxDevice: creating device client; threaded=0
Direct3D:
    Version:  Direct3D 11.0 [level 11.1]
    Renderer: NVIDIA GeForce GTX 970 (ID=0x13c2)
    Vendor:   
    VRAM:     4043 MB
    Driver:   31.0.15.1694
Initialize mono
Mono path[0] = 'E:/Unity/2020.3.33f1/Editor/Data/Managed'
Mono path[1] = 'E:/Unity/2020.3.33f1/Editor/Data/MonoBleedingEdge/lib/mono/unityjit'
Mono config path = 'E:/Unity/2020.3.33f1/Editor/Data/MonoBleedingEdge/etc'
Using monoOptions --debugger-agent=transport=dt_socket,embedding=1,server=y,suspend=n,address=127.0.0.1:56308
Begin MonoManager ReloadAssembly
Registering precompiled unity dll's ...
Register platform support module: E:/Unity/2020.3.33f1/Editor/Data/PlaybackEngines/WebGLSupport/UnityEditor.WebGL.Extensions.dll
Register platform support module: E:/Unity/2020.3.33f1/Editor/Data/PlaybackEngines/WindowsStandaloneSupport/UnityEditor.WindowsStandalone.Extensions.dll
Registered in 0.003062 seconds.
Native extension for WindowsStandalone target not found
Native extension for WebGL target not found
Refreshing native plugins compatible for Editor in 108.20 ms, found 3 plugins.
Preloading 0 native plugins for Editor in 0.00 ms.
Mono: successfully reloaded assembly
- Completed reload, in  1.208 seconds
Domain Reload Profiling:
	ReloadAssembly (1209ms)
		BeginReloadAssembly (268ms)
			ExecutionOrderSort (0ms)
			DisableScriptedObjects (0ms)
			BackupInstance (0ms)
			ReleaseScriptingObjects (0ms)
			CreateAndSetChildDomain (1ms)
		EndReloadAssembly (818ms)
			LoadAssemblies (269ms)
			RebuildTransferFunctionScriptingTraits (0ms)
			SetupTypeCache (239ms)
			ReleaseScriptCaches (0ms)
			RebuildScriptCaches (110ms)
			SetupLoadedEditorAssemblies (308ms)
				LogAssemblyErrors (0ms)
				InitializePlatformSupportModulesInManaged (7ms)
				SetLoadedEditorAssemblies (0ms)
				RefreshPlugins (108ms)
				BeforeProcessingInitializeOnLoad (24ms)
				ProcessInitializeOnLoadAttributes (126ms)
				ProcessInitializeOnLoadMethodAttributes (42ms)
				AfterProcessingInitializeOnLoad (0ms)
				EditorAssembliesLoaded (0ms)
			ExecutionOrderSort2 (0ms)
			AwakeInstancesAfterBackupRestoration (0ms)
Platform modules already initialized, skipping
Registering precompiled user dll's ...
Registered in 0.007558 seconds.
Begin MonoManager ReloadAssembly
Symbol file data-000001980710B010 doesn't match image E:\Unity\Unity_Projects\LostLights\Lost Lights\Library\ScriptAssemblies\Assembly-CSharp-firstpass.dll
Symbol file LoadedFromMemory is not a mono symbol file
Symbol file data-00000198067B3010 doesn't match image E:\Unity\Unity_Projects\LostLights\Lost Lights\Library\ScriptAssemblies\Unity.2D.Animation.Editor.dll
Symbol file LoadedFromMemory is not a mono symbol file
Symbol file data-000001980702D7E0 doesn't match image E:\Unity\Unity_Projects\LostLights\Lost Lights\Library\ScriptAssemblies\Unity.InternalAPIEngineBridge.001.dll
Symbol file LoadedFromMemory is not a mono symbol file
Symbol file data-0000019805E10040 doesn't match image E:\Unity\Unity_Projects\LostLights\Lost Lights\Library\ScriptAssemblies\Unity.VSCode.Editor.dll
Symbol file LoadedFromMemory is not a mono symbol file
Symbol file data-000001980299C190 doesn't match image E:\Unity\Unity_Projects\LostLights\Lost Lights\Library\ScriptAssemblies\Unity.2D.PixelPerfect.dll
Symbol file LoadedFromMemory is not a mono symbol file
Symbol file data-00000198067D7C20 doesn't match image E:\Unity\Unity_Projects\LostLights\Lost Lights\Library\ScriptAssemblies\Unity.2D.Tilemap.Editor.dll
Symbol file LoadedFromMemory is not a mono symbol file
Symbol file data-00000198067EB030 doesn't match image E:\Unity\Unity_Projects\LostLights\Lost Lights\Library\ScriptAssemblies\PsdPlugin.dll
Symbol file LoadedFromMemory is not a mono symbol file
Symbol file data-00000198062A6010 doesn't match image E:\Unity\Unity_Projects\LostLights\Lost Lights\Library\ScriptAssemblies\Unity.TextMeshPro.Editor.dll
Symbol file LoadedFromMemory is not a mono symbol file
Symbol file data-00000198067589B0 doesn't match image E:\Unity\Unity_Projects\LostLights\Lost Lights\Library\ScriptAssemblies\Unity.VisualStudio.Editor.dll
Symbol file LoadedFromMemory is not a mono symbol file
Symbol file data-0000019806385220 doesn't match image E:\Unity\Unity_Projects\LostLights\Lost Lights\Library\ScriptAssemblies\UnityEngine.TestRunner.dll
Symbol file LoadedFromMemory is not a mono symbol file
Symbol file data-000001980662E420 doesn't match image E:\Unity\Unity_Projects\LostLights\Lost Lights\Library\ScriptAssemblies\Unity.Timeline.dll
Symbol file LoadedFromMemory is not a mono symbol file
Symbol file data-00000198065BB010 doesn't match image E:\Unity\Unity_Projects\LostLights\Lost Lights\Library\ScriptAssemblies\Unity.TextMeshPro.dll
Symbol file LoadedFromMemory is not a mono symbol file
Symbol file data-00000198065EA820 doesn't match image E:\Unity\Unity_Projects\LostLights\Lost Lights\Library\ScriptAssemblies\UnityEditor.TestRunner.dll
Symbol file LoadedFromMemory is not a mono symbol file
Symbol file data-0000019805E10040 doesn't match image E:\Unity\Unity_Projects\LostLights\Lost Lights\Library\ScriptAssemblies\Unity.2D.IK.Editor.dll
Symbol file LoadedFromMemory is not a mono symbol file
Symbol file data-00000198065EA820 doesn't match image E:\Unity\Unity_Projects\LostLights\Lost Lights\Library\ScriptAssemblies\Unity.2D.Sprite.Editor.dll
Symbol file LoadedFromMemory is not a mono symbol file
Symbol file data-00000198067589B0 doesn't match image E:\Unity\Unity_Projects\LostLights\Lost Lights\Library\ScriptAssemblies\Unity.2D.Psdimporter.Editor.dll
Symbol file LoadedFromMemory is not a mono symbol file
Symbol file data-000001980662E420 doesn't match image E:\Unity\Unity_Projects\LostLights\Lost Lights\Library\ScriptAssemblies\Unity.2D.Path.Editor.dll
Symbol file LoadedFromMemory is not a mono symbol file
Symbol file data-0000019802AC8010 doesn't match image E:\Unity\Unity_Projects\LostLights\Lost Lights\Library\ScriptAssemblies\Unity.InternalAPIEditorBridge.001.dll
Symbol file LoadedFromMemory is not a mono symbol file
Symbol file data-00000198067589B0 doesn't match image E:\Unity\Unity_Projects\LostLights\Lost Lights\Library\ScriptAssemblies\UnityEditor.UI.dll
Symbol file LoadedFromMemory is not a mono symbol file
Symbol file data-0000019802B5DF40 doesn't match image E:\Unity\Unity_Projects\LostLights\Lost Lights\Library\ScriptAssemblies\Unity.PlasticSCM.Editor.dll
Symbol file LoadedFromMemory is not a mono symbol file
Symbol file data-0000019802ED0440 doesn't match image E:\Unity\Unity_Projects\LostLights\Lost Lights\Library\ScriptAssemblies\Unity.Rider.Editor.dll
Symbol file LoadedFromMemory is not a mono symbol file
Symbol file data-0000019802B6FB50 doesn't match image E:\Unity\Unity_Projects\LostLights\Lost Lights\Library\ScriptAssemblies\UnityEngine.UI.dll
Symbol file LoadedFromMemory is not a mono symbol file
Symbol file data-0000019806857020 doesn't match image E:\Unity\Unity_Projects\LostLights\Lost Lights\Library\ScriptAssemblies\Unity.Mathematics.dll
Symbol file LoadedFromMemory is not a mono symbol file
Symbol file data-0000019805E10040 doesn't match image E:\Unity\Unity_Projects\LostLights\Lost Lights\Library\ScriptAssemblies\Unity.2D.IK.Runtime.dll
Symbol file LoadedFromMemory is not a mono symbol file
Symbol file data-0000019802ED0440 doesn't match image E:\Unity\Unity_Projects\LostLights\Lost Lights\Library\ScriptAssemblies\Unity.Services.Core.Editor.dll
Symbol file LoadedFromMemory is not a mono symbol file
Symbol file data-00000198025A1770 doesn't match image E:\Unity\Unity_Projects\LostLights\Lost Lights\Library\ScriptAssemblies\Unity.2D.Animation.Triangle.Editor.dll
Symbol file LoadedFromMemory is not a mono symbol file
Symbol file data-000001980638C630 doesn't match image E:\Unity\Unity_Projects\LostLights\Lost Lights\Library\ScriptAssemblies\Unity.2D.Animation.Runtime.dll
Symbol file LoadedFromMemory is not a mono symbol file
Symbol file data-00000198071C9B60 doesn't match image E:\Unity\Unity_Projects\LostLights\Lost Lights\Library\ScriptAssemblies\Unity.2D.PixelPerfect.Editor.dll
Symbol file LoadedFromMemory is not a mono symbol file
Symbol file data-0000019805EE5010 doesn't match image E:\Unity\Unity_Projects\LostLights\Lost Lights\Library\ScriptAssemblies\Unity.Timeline.Editor.dll
Symbol file LoadedFromMemory is not a mono symbol file
Symbol file data-000001980693D430 doesn't match image E:\Unity\Unity_Projects\LostLights\Lost Lights\Library\ScriptAssemblies\Unity.CollabProxy.Editor.dll
Symbol file LoadedFromMemory is not a mono symbol file
Symbol file data-0000019802C3E620 doesn't match image E:\Unity\Unity_Projects\LostLights\Lost Lights\Library\ScriptAssemblies\Unity.Mathematics.Editor.dll
Symbol file LoadedFromMemory is not a mono symbol file
Symbol file data-00000199FF420270 doesn't match image E:\Unity\Unity_Projects\LostLights\Lost Lights\Library\ScriptAssemblies\Unity.2D.Common.Runtime.dll
Symbol file LoadedFromMemory is not a mono symbol file
Symbol file data-0000019802D6B0B0 doesn't match image E:\Unity\Unity_Projects\LostLights\Lost Lights\Library\ScriptAssemblies\Unity.2D.SpriteShape.Editor.dll
Symbol file LoadedFromMemory is not a mono symbol file
Symbol file data-000001980638C630 doesn't match image E:\Unity\Unity_Projects\LostLights\Lost Lights\Library\ScriptAssemblies\Unity.2D.Common.Editor.dll
Symbol file LoadedFromMemory is not a mono symbol file
Symbol file data-000001980693D430 doesn't match image E:\Unity\Unity_Projects\LostLights\Lost Lights\Library\ScriptAssemblies\Unity.2D.SpriteShape.Runtime.dll
Symbol file LoadedFromMemory is not a mono symbol file
Symbol file LoadedFromMemory doesn't match image E:\Unity\Unity_Projects\LostLights\Lost Lights\Library\PackageCache\com.unity.collab-proxy@1.15.15\Lib\Editor\PlasticSCM\unityplastic.dll
Native extension for WindowsStandalone target not found
Native extension for WebGL target not found
Refreshing native plugins compatible for Editor in 79.30 ms, found 3 plugins.
Preloading 0 native plugins for Editor in 0.00 ms.
Mono: successfully reloaded assembly
- Completed reload, in  8.061 seconds
Domain Reload Profiling:
	ReloadAssembly (8069ms)
		BeginReloadAssembly (248ms)
			ExecutionOrderSort (0ms)
			DisableScriptedObjects (6ms)
			BackupInstance (0ms)
			ReleaseScriptingObjects (0ms)
			CreateAndSetChildDomain (27ms)
		EndReloadAssembly (7749ms)
			LoadAssemblies (4018ms)
			RebuildTransferFunctionScriptingTraits (0ms)
			SetupTypeCache (1600ms)
			ReleaseScriptCaches (1ms)
			RebuildScriptCaches (68ms)
			SetupLoadedEditorAssemblies (1919ms)
				LogAssemblyErrors (0ms)
				InitializePlatformSupportModulesInManaged (5ms)
				SetLoadedEditorAssemblies (0ms)
				RefreshPlugins (79ms)
				BeforeProcessingInitializeOnLoad (114ms)
				ProcessInitializeOnLoadAttributes (527ms)
				ProcessInitializeOnLoadMethodAttributes (1189ms)
				AfterProcessingInitializeOnLoad (4ms)
				EditorAssembliesLoaded (0ms)
			ExecutionOrderSort2 (0ms)
			AwakeInstancesAfterBackupRestoration (10ms)
Platform modules already initialized, skipping
========================================================================
Worker process is ready to serve import requests
Launched and connected shader compiler UnityShaderCompiler.exe after 0.15 seconds
Refreshing native plugins compatible for Editor in 0.71 ms, found 3 plugins.
Preloading 0 native plugins for Editor in 0.00 ms.
Unloading 2264 Unused Serialized files (Serialized files now loaded: 0)
System memory in use before: 101.3 MB.
System memory in use after: 101.2 MB.

Unloading 34 unused Assets to reduce memory usage. Loaded Objects now: 2698.
Total: 4.357800 ms (FindLiveObjects: 0.334500 ms CreateObjectMapping: 0.222900 ms MarkObjects: 3.602600 ms  DeleteObjects: 0.196500 ms)

AssetImportParameters requested are different than current active one (requested -> active):
  custom:framework-win-MediaFoundation: 216162199b28c13a410421893ffa2e32 -> 
  custom:video-decoder-ogg-theora: a1e56fd34408186e4bbccfd4996cb3dc -> 
  custom:container-muxer-webm: aa71ff27fc2769a1b78a27578f13a17b -> 
  custom:container-demuxer-webm: 4f35f7cbe854078d1ac9338744f61a02 -> 
  custom:container-demuxer-ogg: 62fdf1f143b41e24485cea50d1cbac27 -> 
  custom:video-encoder-webm-vp8: eb34c28f22e8b96e1ab97ce403110664 -> 
  custom:video-decoder-webm-vp8: 9c59270c3fd7afecdb556c50c9e8de78 -> 
  custom:audio-decoder-ogg-vorbis: bf7c407c2cedff20999df2af8eb42d56 -> 
  custom:audio-encoder-webm-vorbis: bf7c407c2cedff20999df2af8eb42d56 -> 
========================================================================
Received Import Request.
  path: Assets/Lost Lights/Scripts_LL/ComicSlide.cs
  artifactKey: Guid(384f35df07ec04944a468edd89d9da97) Importer(815301076,1909f56bfc062723c751e8b465ee728b)
Start importing Assets/Lost Lights/Scripts_LL/ComicSlide.cs using Guid(384f35df07ec04944a468edd89d9da97) Importer(815301076,1909f56bfc062723c751e8b465ee728b)  -> (artifact id: 'e9429d937f853448cc5d1446c5f5185b') in 0.094984 seconds 
========================================================================
Received Import Request.
  Time since last request: 271.394196 seconds.
  path: Assets/Lost Lights/Art_LL/Comic_LL/Strip4
  artifactKey: Guid(8f01012d2d0f6c24bad790becebabe79) Importer(815301076,1909f56bfc062723c751e8b465ee728b)
Start importing Assets/Lost Lights/Art_LL/Comic_LL/Strip4 using Guid(8f01012d2d0f6c24bad790becebabe79) Importer(815301076,1909f56bfc062723c751e8b465ee728b)  -> (artifact id: '0cf78431eb366473412ebe60634a207b') in 0.009343 seconds 
========================================================================
Received Import Request.
  Time since last request: 10.068601 seconds.
  path: Assets/Lost Lights/Art_LL/Celestial_Bodies_LL/Solar Eclipses/Total_MoonLeft.png
  artifactKey: Guid(093125f578e4c4e4cba0b980710b5541) Importer(815301076,1909f56bfc062723c751e8b465ee728b)
Start importing Assets/Lost Lights/Art_LL/Celestial_Bodies_LL/Solar Eclipses/Total_MoonLeft.png using Guid(093125f578e4c4e4cba0b980710b5541) Importer(815301076,1909f56bfc062723c751e8b465ee728b)  -> (artifact id: '34ab1c9927efcf32f05e50679076e36e') in 0.407430 seconds 
========================================================================
Received Import Request.
  Time since last request: 0.000244 seconds.
  path: Assets/Lost Lights/Art_LL/Celestial_Bodies_LL/Solar Eclipses/Total_MoonRight.png
  artifactKey: Guid(535b78ec64e03ef4bb640dce87965e9b) Importer(815301076,1909f56bfc062723c751e8b465ee728b)
Start importing Assets/Lost Lights/Art_LL/Celestial_Bodies_LL/Solar Eclipses/Total_MoonRight.png using Guid(535b78ec64e03ef4bb640dce87965e9b) Importer(815301076,1909f56bfc062723c751e8b465ee728b)  -> (artifact id: '638a494734da3c1479e5a68857a7adf3') in 0.149086 seconds 
========================================================================
Received Import Request.
  Time since last request: 2719.318633 seconds.
  path: Assets/Lost Lights/Scenes_LL/Lunar Landing Level 1.unity
  artifactKey: Guid(0ae7ce7325d7ade4f8b49d11e03b385e) Importer(815301076,1909f56bfc062723c751e8b465ee728b)
Start importing Assets/Lost Lights/Scenes_LL/Lunar Landing Level 1.unity using Guid(0ae7ce7325d7ade4f8b49d11e03b385e) Importer(815301076,1909f56bfc062723c751e8b465ee728b)  -> (artifact id: '7749c23423bc9ca7c97541abfb35d304') in 0.007223 seconds 
========================================================================
Received Import Request.
  Time since last request: 107.047094 seconds.
  path: Assets/Lost Lights/Scenes_LL/Solar Salute 2.unity
  artifactKey: Guid(c1b5ba91f204c5d4baeee2cc33abd748) Importer(815301076,1909f56bfc062723c751e8b465ee728b)
Start importing Assets/Lost Lights/Scenes_LL/Solar Salute 2.unity using Guid(c1b5ba91f204c5d4baeee2cc33abd748) Importer(815301076,1909f56bfc062723c751e8b465ee728b)  -> (artifact id: 'a844ddc447616554f6edbbc1c6739c3e') in 0.008729 seconds 
========================================================================
Received Import Request.
  Time since last request: 33.372034 seconds.
  path: Assets/Lost Lights/Scenes_LL/Solar Salute 3.unity
  artifactKey: Guid(6e8eb3c254ee0c748b00baa97d59e638) Importer(815301076,1909f56bfc062723c751e8b465ee728b)
Start importing Assets/Lost Lights/Scenes_LL/Solar Salute 3.unity using Guid(6e8eb3c254ee0c748b00baa97d59e638) Importer(815301076,1909f56bfc062723c751e8b465ee728b)  -> (artifact id: '35790bbe3a19690e07f5c15266cce877') in 0.009215 seconds 
========================================================================
Received Import Request.
  Time since last request: 11.207593 seconds.
  path: Assets/Lost Lights/Scenes_LL/Tutorial.unity
  artifactKey: Guid(e671a0cd9b47d4d49b4ce6e9aa0fe380) Importer(815301076,1909f56bfc062723c751e8b465ee728b)
Start importing Assets/Lost Lights/Scenes_LL/Tutorial.unity using Guid(e671a0cd9b47d4d49b4ce6e9aa0fe380) Importer(815301076,1909f56bfc062723c751e8b465ee728b)  -> (artifact id: '9a51f2bc3b87b2e5f73ace0af262cdd2') in 0.009980 seconds 
AssetImportWorkerClient::OnTransportError - code=2 error=End of file
