Using pre-set license
Built from '2020.3/staging' branch; Version is '2020.3.33f1 (915a7af8b0d5) revision 9525882'; Using compiler version '192528614'; Build Type 'Release'
OS: 'Windows 10  (10.0.19044) 64bit Core' Language: 'en' Physical Memory: 32718 MB
BatchMode: 1, IsHumanControllingUs: 0, StartBugReporterOnCrash: 0, Is64bit: 1, IsPro: 0

COMMAND LINE ARGUMENTS:
E:\Unity\2020.3.33f1\Editor\Unity.exe
-adb2
-batchMode
-noUpm
-name
AssetImportWorker2
-projectPath
E:/Unity/Unity_Projects/Lost Lights/LostLights/Lost Lights
-logFile
Logs/AssetImportWorker2.log
-srvPort
60690
Successfully changed project path to: E:/Unity/Unity_Projects/Lost Lights/LostLights/Lost Lights
E:/Unity/Unity_Projects/Lost Lights/LostLights/Lost Lights
Using Asset Import Pipeline V2.
Refreshing native plugins compatible for Editor in 96.93 ms, found 3 plugins.
Preloading 0 native plugins for Editor in 0.00 ms.
Initialize engine version: 2020.3.33f1 (915a7af8b0d5)
[Subsystems] Discovering subsystems at path E:/Unity/2020.3.33f1/Editor/Data/Resources/UnitySubsystems
[Subsystems] Discovering subsystems at path E:/Unity/Unity_Projects/Lost Lights/LostLights/Lost Lights/Assets
GfxDevice: creating device client; threaded=0
Direct3D:
    Version:  Direct3D 11.0 [level 11.1]
    Renderer: NVIDIA GeForce GTX 970 (ID=0x13c2)
    Vendor:   
    VRAM:     4043 MB
    Driver:   30.0.15.1215
Initialize mono
Mono path[0] = 'E:/Unity/2020.3.33f1/Editor/Data/Managed'
Mono path[1] = 'E:/Unity/2020.3.33f1/Editor/Data/MonoBleedingEdge/lib/mono/unityjit'
Mono config path = 'E:/Unity/2020.3.33f1/Editor/Data/MonoBleedingEdge/etc'
Using monoOptions --debugger-agent=transport=dt_socket,embedding=1,server=y,suspend=n,address=127.0.0.1:56912
Begin MonoManager ReloadAssembly
Registering precompiled unity dll's ...
Register platform support module: E:/Unity/2020.3.33f1/Editor/Data/PlaybackEngines/WebGLSupport/UnityEditor.WebGL.Extensions.dll
Register platform support module: E:/Unity/2020.3.33f1/Editor/Data/PlaybackEngines/WindowsStandaloneSupport/UnityEditor.WindowsStandalone.Extensions.dll
Registered in 0.008656 seconds.
Native extension for WindowsStandalone target not found
Native extension for WebGL target not found
Refreshing native plugins compatible for Editor in 80.74 ms, found 3 plugins.
Preloading 0 native plugins for Editor in 0.00 ms.
Mono: successfully reloaded assembly
- Completed reload, in  1.215 seconds
Domain Reload Profiling:
	ReloadAssembly (1215ms)
		BeginReloadAssembly (202ms)
			ExecutionOrderSort (0ms)
			DisableScriptedObjects (0ms)
			BackupInstance (0ms)
			ReleaseScriptingObjects (0ms)
			CreateAndSetChildDomain (1ms)
		EndReloadAssembly (868ms)
			LoadAssemblies (199ms)
			RebuildTransferFunctionScriptingTraits (0ms)
			SetupTypeCache (287ms)
			ReleaseScriptCaches (0ms)
			RebuildScriptCaches (54ms)
			SetupLoadedEditorAssemblies (322ms)
				LogAssemblyErrors (0ms)
				InitializePlatformSupportModulesInManaged (5ms)
				SetLoadedEditorAssemblies (0ms)
				RefreshPlugins (81ms)
				BeforeProcessingInitializeOnLoad (34ms)
				ProcessInitializeOnLoadAttributes (152ms)
				ProcessInitializeOnLoadMethodAttributes (50ms)
				AfterProcessingInitializeOnLoad (0ms)
				EditorAssembliesLoaded (0ms)
			ExecutionOrderSort2 (0ms)
			AwakeInstancesAfterBackupRestoration (0ms)
Platform modules already initialized, skipping
Registering precompiled user dll's ...
Registered in 0.006750 seconds.
Begin MonoManager ReloadAssembly
Symbol file data-00000282A899B660 doesn't match image E:\Unity\Unity_Projects\Lost Lights\LostLights\Lost Lights\Library\ScriptAssemblies\Assembly-CSharp.dll
Symbol file LoadedFromMemory is not a mono symbol file
Symbol file LoadedFromMemory doesn't match image E:\Unity\Unity_Projects\Lost Lights\LostLights\Lost Lights\Library\PackageCache\com.unity.collab-proxy@1.15.15\Lib\Editor\PlasticSCM\unityplastic.dll
Native extension for WindowsStandalone target not found
Native extension for WebGL target not found
Refreshing native plugins compatible for Editor in 83.68 ms, found 3 plugins.
Preloading 0 native plugins for Editor in 0.00 ms.
Mono: successfully reloaded assembly
- Completed reload, in 10.649 seconds
Domain Reload Profiling:
	ReloadAssembly (10663ms)
		BeginReloadAssembly (344ms)
			ExecutionOrderSort (0ms)
			DisableScriptedObjects (8ms)
			BackupInstance (0ms)
			ReleaseScriptingObjects (0ms)
			CreateAndSetChildDomain (31ms)
		EndReloadAssembly (10208ms)
			LoadAssemblies (5421ms)
			RebuildTransferFunctionScriptingTraits (0ms)
			SetupTypeCache (1809ms)
			ReleaseScriptCaches (1ms)
			RebuildScriptCaches (106ms)
			SetupLoadedEditorAssemblies (2708ms)
				LogAssemblyErrors (0ms)
				InitializePlatformSupportModulesInManaged (9ms)
				SetLoadedEditorAssemblies (0ms)
				RefreshPlugins (84ms)
				BeforeProcessingInitializeOnLoad (150ms)
				ProcessInitializeOnLoadAttributes (745ms)
				ProcessInitializeOnLoadMethodAttributes (1717ms)
				AfterProcessingInitializeOnLoad (4ms)
				EditorAssembliesLoaded (0ms)
			ExecutionOrderSort2 (0ms)
			AwakeInstancesAfterBackupRestoration (11ms)
Platform modules already initialized, skipping
========================================================================
Worker process is ready to serve import requests
Launched and connected shader compiler UnityShaderCompiler.exe after 0.15 seconds
Refreshing native plugins compatible for Editor in 3.71 ms, found 3 plugins.
Preloading 0 native plugins for Editor in 0.00 ms.
Unloading 2250 Unused Serialized files (Serialized files now loaded: 0)
System memory in use before: 100.4 MB.
System memory in use after: 100.3 MB.

Unloading 33 unused Assets to reduce memory usage. Loaded Objects now: 2685.
Total: 4.512900 ms (FindLiveObjects: 0.288500 ms CreateObjectMapping: 0.089800 ms MarkObjects: 3.954900 ms  DeleteObjects: 0.178400 ms)

AssetImportParameters requested are different than current active one (requested -> active):
  custom:framework-win-MediaFoundation: 216162199b28c13a410421893ffa2e32 -> 
  custom:video-decoder-ogg-theora: a1e56fd34408186e4bbccfd4996cb3dc -> 
  custom:container-muxer-webm: aa71ff27fc2769a1b78a27578f13a17b -> 
  custom:container-demuxer-webm: 4f35f7cbe854078d1ac9338744f61a02 -> 
  custom:container-demuxer-ogg: 62fdf1f143b41e24485cea50d1cbac27 -> 
  custom:video-encoder-webm-vp8: eb34c28f22e8b96e1ab97ce403110664 -> 
  custom:video-decoder-webm-vp8: 9c59270c3fd7afecdb556c50c9e8de78 -> 
  custom:audio-decoder-ogg-vorbis: bf7c407c2cedff20999df2af8eb42d56 -> 
  custom:audio-encoder-webm-vorbis: bf7c407c2cedff20999df2af8eb42d56 -> 
========================================================================
Received Import Request.
  path: Assets/Lost Lights/Scripts_LL/Transitions.cs
  artifactKey: Guid(e2bd02448353cee41a79bc7d014cd875) Importer(815301076,1909f56bfc062723c751e8b465ee728b)
Start importing Assets/Lost Lights/Scripts_LL/Transitions.cs using Guid(e2bd02448353cee41a79bc7d014cd875) Importer(815301076,1909f56bfc062723c751e8b465ee728b)  -> (artifact id: 'b34fea7f009c820ec6c6354f8b792f76') in 0.140192 seconds 
========================================================================
Received Import Request.
  Time since last request: 428.168462 seconds.
  path: Assets/Lost Lights/Scripts_LL/Transitions.cs
  artifactKey: Guid(e2bd02448353cee41a79bc7d014cd875) Importer(815301076,1909f56bfc062723c751e8b465ee728b)
Start importing Assets/Lost Lights/Scripts_LL/Transitions.cs using Guid(e2bd02448353cee41a79bc7d014cd875) Importer(815301076,1909f56bfc062723c751e8b465ee728b)  -> (artifact id: '02af76e933eef16ce9d72565227dcd2b') in 0.003664 seconds 
========================================================================
Received Import Request.
  Time since last request: 19.479738 seconds.
  path: Assets/Lost Lights/Scripts_LL/Transitions.cs
  artifactKey: Guid(e2bd02448353cee41a79bc7d014cd875) Importer(815301076,1909f56bfc062723c751e8b465ee728b)
Start importing Assets/Lost Lights/Scripts_LL/Transitions.cs using Guid(e2bd02448353cee41a79bc7d014cd875) Importer(815301076,1909f56bfc062723c751e8b465ee728b)  -> (artifact id: '559dba17fd3220b7e7dccac097e5e37f') in 0.003822 seconds 
========================================================================
Received Import Request.
  Time since last request: 367.046061 seconds.
  path: Assets/Lost Lights/Scripts_LL/Transitions.cs
  artifactKey: Guid(e2bd02448353cee41a79bc7d014cd875) Importer(815301076,1909f56bfc062723c751e8b465ee728b)
Start importing Assets/Lost Lights/Scripts_LL/Transitions.cs using Guid(e2bd02448353cee41a79bc7d014cd875) Importer(815301076,1909f56bfc062723c751e8b465ee728b)  -> (artifact id: '6a177989c4752a4cdb48a4e20f5576b0') in 0.010468 seconds 
========================================================================
Received Import Request.
  Time since last request: 47.275014 seconds.
  path: Assets/Lost Lights/Scripts_LL/Transitions.cs
  artifactKey: Guid(e2bd02448353cee41a79bc7d014cd875) Importer(815301076,1909f56bfc062723c751e8b465ee728b)
Start importing Assets/Lost Lights/Scripts_LL/Transitions.cs using Guid(e2bd02448353cee41a79bc7d014cd875) Importer(815301076,1909f56bfc062723c751e8b465ee728b)  -> (artifact id: '4e116846738c83c898f2b554a2841b3e') in 0.007508 seconds 
========================================================================
Received Import Request.
  Time since last request: 213.498739 seconds.
  path: Assets/WebGLLoLDemo/Scripts
  artifactKey: Guid(45d123072bbce48f3946f7f0359b4667) Importer(815301076,1909f56bfc062723c751e8b465ee728b)
Start importing Assets/WebGLLoLDemo/Scripts using Guid(45d123072bbce48f3946f7f0359b4667) Importer(815301076,1909f56bfc062723c751e8b465ee728b)  -> (artifact id: '34929697e372f2fdc841d2e81f971ff6') in 0.012574 seconds 
========================================================================
Received Import Request.
  Time since last request: 19.943556 seconds.
  path: Assets/WebGLLoLDemo/Scripts/Buttons
  artifactKey: Guid(1218ad9e68480476e84f12aeb0a41bc3) Importer(815301076,1909f56bfc062723c751e8b465ee728b)
Start importing Assets/WebGLLoLDemo/Scripts/Buttons using Guid(1218ad9e68480476e84f12aeb0a41bc3) Importer(815301076,1909f56bfc062723c751e8b465ee728b)  -> (artifact id: 'f50083603b6738de4460eb66d0be189a') in 0.015567 seconds 
========================================================================
Received Import Request.
  Time since last request: 10.960398 seconds.
  path: Assets/WebGLLoLDemo/Scripts/Editor
  artifactKey: Guid(21ec4aaa4061946579048d0a3be4b183) Importer(815301076,1909f56bfc062723c751e8b465ee728b)
Start importing Assets/WebGLLoLDemo/Scripts/Editor using Guid(21ec4aaa4061946579048d0a3be4b183) Importer(815301076,1909f56bfc062723c751e8b465ee728b)  -> (artifact id: '96b552fb5058a768f5234d06305cb4c1') in 0.021633 seconds 
========================================================================
Received Import Request.
  Time since last request: 4.773285 seconds.
  path: Assets/WebGLLoLDemo/Scripts/SceneManagers
  artifactKey: Guid(6ec528c82e3384781a65984541925089) Importer(815301076,1909f56bfc062723c751e8b465ee728b)
Start importing Assets/WebGLLoLDemo/Scripts/SceneManagers using Guid(6ec528c82e3384781a65984541925089) Importer(815301076,1909f56bfc062723c751e8b465ee728b)  -> (artifact id: '947d1de0f42035cc67b188fbff25e70f') in 0.027302 seconds 
========================================================================
Received Import Request.
  Time since last request: 6.198830 seconds.
  path: Assets/WebGLTemplates/lol-template
  artifactKey: Guid(aaad80085f8eb4312a075f99490a6e1f) Importer(815301076,1909f56bfc062723c751e8b465ee728b)
Start importing Assets/WebGLTemplates/lol-template using Guid(aaad80085f8eb4312a075f99490a6e1f) Importer(815301076,1909f56bfc062723c751e8b465ee728b)  -> (artifact id: 'be61cb2a2b9d1353103ba5710a177132') in 0.016410 seconds 
========================================================================
Received Import Request.
  Time since last request: 9.437031 seconds.
  path: Packages/com.unity.ugui
  artifactKey: Guid(8f7652e09069a1943278893d4264401e) Importer(815301076,1909f56bfc062723c751e8b465ee728b)
Start importing Packages/com.unity.ugui using Guid(8f7652e09069a1943278893d4264401e) Importer(815301076,1909f56bfc062723c751e8b465ee728b)  -> (artifact id: '9be8eef517426cf4e5d1ef023f0f7cab') in 0.012799 seconds 
========================================================================
Received Import Request.
  Time since last request: 0.090060 seconds.
  path: Packages/com.unity.ugui/package.json
  artifactKey: Guid(319b8889f363f5947acf209c17a94149) Importer(815301076,1909f56bfc062723c751e8b465ee728b)
Start importing Packages/com.unity.ugui/package.json using Guid(319b8889f363f5947acf209c17a94149) Importer(815301076,1909f56bfc062723c751e8b465ee728b)  -> (artifact id: '39d1f12f0f4420a8b9dea50868bbb5d0') in 0.089286 seconds 
========================================================================
Received Import Request.
  Time since last request: 2.156380 seconds.
  path: Packages/com.unity.ugui/Editor
  artifactKey: Guid(bee384ad5b4d1a843a018082e7db53cd) Importer(815301076,1909f56bfc062723c751e8b465ee728b)
Start importing Packages/com.unity.ugui/Editor using Guid(bee384ad5b4d1a843a018082e7db53cd) Importer(815301076,1909f56bfc062723c751e8b465ee728b)  -> (artifact id: '3a6882089124fa3e3e4daf11573b2a9a') in 0.003704 seconds 
========================================================================
Received Import Request.
  Time since last request: 0.053555 seconds.
  path: Packages/com.unity.ugui/Editor/UnityEditor.UI.asmdef
  artifactKey: Guid(343deaaf83e0cee4ca978e7df0b80d21) Importer(815301076,1909f56bfc062723c751e8b465ee728b)
Start importing Packages/com.unity.ugui/Editor/UnityEditor.UI.asmdef using Guid(343deaaf83e0cee4ca978e7df0b80d21) Importer(815301076,1909f56bfc062723c751e8b465ee728b)  -> (artifact id: 'b6729f57df2b31e1ee16d37afa663e95') in 0.022045 seconds 
========================================================================
Received Import Request.
  Time since last request: 1.103024 seconds.
  path: Packages/com.unity.ugui/Editor/UI
  artifactKey: Guid(853edc343b78a7c4c81cbb3851d48c0a) Importer(815301076,1909f56bfc062723c751e8b465ee728b)
Start importing Packages/com.unity.ugui/Editor/UI using Guid(853edc343b78a7c4c81cbb3851d48c0a) Importer(815301076,1909f56bfc062723c751e8b465ee728b)  -> (artifact id: 'd002f742b9a7dd36a18a266ab4d12948') in 0.016022 seconds 
========================================================================
Received Import Request.
  Time since last request: 37.436674 seconds.
  path: Packages/com.unity.ugui/Runtime/UnityEngine.UI.asmdef
  artifactKey: Guid(2bafac87e7f4b9b418d9448d219b01ab) Importer(815301076,1909f56bfc062723c751e8b465ee728b)
Start importing Packages/com.unity.ugui/Runtime/UnityEngine.UI.asmdef using Guid(2bafac87e7f4b9b418d9448d219b01ab) Importer(815301076,1909f56bfc062723c751e8b465ee728b)  -> (artifact id: '13113e9364e6a0fa363eadb8296f871e') in 0.023198 seconds 
========================================================================
Received Import Request.
  Time since last request: 60.838382 seconds.
  path: Packages/com.unity.collab-proxy/Tests
  artifactKey: Guid(f14311c132be48342a010833293cf97b) Importer(815301076,1909f56bfc062723c751e8b465ee728b)
Start importing Packages/com.unity.collab-proxy/Tests using Guid(f14311c132be48342a010833293cf97b) Importer(815301076,1909f56bfc062723c751e8b465ee728b)  -> (artifact id: '8b83c880d4cc7e8bb341d8293330ced9') in 0.037655 seconds 
========================================================================
Received Import Request.
  Time since last request: 0.600917 seconds.
  path: Packages/com.unity.collab-proxy/Lib
  artifactKey: Guid(dc0f0050d6c104fc7b2b61ca838fd8c6) Importer(815301076,1909f56bfc062723c751e8b465ee728b)
Start importing Packages/com.unity.collab-proxy/Lib using Guid(dc0f0050d6c104fc7b2b61ca838fd8c6) Importer(815301076,1909f56bfc062723c751e8b465ee728b)  -> (artifact id: '6eb8d070b47f5f05f92e8c860a9621c0') in 0.012375 seconds 
========================================================================
Received Prepare
Registering precompiled user dll's ...
Registered in 0.007109 seconds.
Begin MonoManager ReloadAssembly
Symbol file LoadedFromMemory doesn't match image E:\Unity\Unity_Projects\Lost Lights\LostLights\Lost Lights\Library\PackageCache\com.unity.collab-proxy@1.15.15\Lib\Editor\PlasticSCM\unityplastic.dll
Native extension for WindowsStandalone target not found
Native extension for WebGL target not found
Refreshing native plugins compatible for Editor in 0.57 ms, found 3 plugins.
Preloading 0 native plugins for Editor in 0.00 ms.
Mono: successfully reloaded assembly
- Completed reload, in  1.880 seconds
Domain Reload Profiling:
	ReloadAssembly (1881ms)
		BeginReloadAssembly (263ms)
			ExecutionOrderSort (0ms)
			DisableScriptedObjects (20ms)
			BackupInstance (0ms)
			ReleaseScriptingObjects (0ms)
			CreateAndSetChildDomain (56ms)
		EndReloadAssembly (1527ms)
			LoadAssemblies (273ms)
			RebuildTransferFunctionScriptingTraits (0ms)
			SetupTypeCache (652ms)
			ReleaseScriptCaches (1ms)
			RebuildScriptCaches (78ms)
			SetupLoadedEditorAssemblies (474ms)
				LogAssemblyErrors (0ms)
				InitializePlatformSupportModulesInManaged (6ms)
				SetLoadedEditorAssemblies (1ms)
				RefreshPlugins (1ms)
				BeforeProcessingInitializeOnLoad (131ms)
				ProcessInitializeOnLoadAttributes (316ms)
				ProcessInitializeOnLoadMethodAttributes (17ms)
				AfterProcessingInitializeOnLoad (4ms)
				EditorAssembliesLoaded (0ms)
			ExecutionOrderSort2 (0ms)
			AwakeInstancesAfterBackupRestoration (15ms)
Platform modules already initialized, skipping
Refreshing native plugins compatible for Editor in 1.11 ms, found 3 plugins.
Preloading 0 native plugins for Editor in 0.00 ms.
Unloading 2232 Unused Serialized files (Serialized files now loaded: 0)
System memory in use before: 99.3 MB.
System memory in use after: 99.2 MB.

Unloading 22 unused Assets to reduce memory usage. Loaded Objects now: 2688.
Total: 5.604500 ms (FindLiveObjects: 0.193900 ms CreateObjectMapping: 0.090700 ms MarkObjects: 5.124500 ms  DeleteObjects: 0.194100 ms)

AssetImportParameters requested are different than current active one (requested -> active):
  custom:framework-win-MediaFoundation: 216162199b28c13a410421893ffa2e32 -> 
  custom:video-decoder-ogg-theora: a1e56fd34408186e4bbccfd4996cb3dc -> 
  custom:container-muxer-webm: aa71ff27fc2769a1b78a27578f13a17b -> 
  custom:container-demuxer-webm: 4f35f7cbe854078d1ac9338744f61a02 -> 
  custom:container-demuxer-ogg: 62fdf1f143b41e24485cea50d1cbac27 -> 
  custom:video-encoder-webm-vp8: eb34c28f22e8b96e1ab97ce403110664 -> 
  custom:video-decoder-webm-vp8: 9c59270c3fd7afecdb556c50c9e8de78 -> 
  custom:audio-decoder-ogg-vorbis: bf7c407c2cedff20999df2af8eb42d56 -> 
  custom:audio-encoder-webm-vorbis: bf7c407c2cedff20999df2af8eb42d56 -> 
========================================================================
Received Prepare
Registering precompiled user dll's ...
Registered in 0.009704 seconds.
Begin MonoManager ReloadAssembly
Symbol file LoadedFromMemory doesn't match image E:\Unity\Unity_Projects\Lost Lights\LostLights\Lost Lights\Library\PackageCache\com.unity.collab-proxy@1.15.15\Lib\Editor\PlasticSCM\unityplastic.dll
Native extension for WindowsStandalone target not found
Native extension for WebGL target not found
Refreshing native plugins compatible for Editor in 0.76 ms, found 3 plugins.
Preloading 0 native plugins for Editor in 0.00 ms.
Mono: successfully reloaded assembly
- Completed reload, in  2.024 seconds
Domain Reload Profiling:
	ReloadAssembly (2025ms)
		BeginReloadAssembly (245ms)
			ExecutionOrderSort (0ms)
			DisableScriptedObjects (9ms)
			BackupInstance (0ms)
			ReleaseScriptingObjects (0ms)
			CreateAndSetChildDomain (68ms)
		EndReloadAssembly (1697ms)
			LoadAssemblies (252ms)
			RebuildTransferFunctionScriptingTraits (0ms)
			SetupTypeCache (604ms)
			ReleaseScriptCaches (2ms)
			RebuildScriptCaches (120ms)
			SetupLoadedEditorAssemblies (580ms)
				LogAssemblyErrors (0ms)
				InitializePlatformSupportModulesInManaged (7ms)
				SetLoadedEditorAssemblies (1ms)
				RefreshPlugins (1ms)
				BeforeProcessingInitializeOnLoad (143ms)
				ProcessInitializeOnLoadAttributes (406ms)
				ProcessInitializeOnLoadMethodAttributes (20ms)
				AfterProcessingInitializeOnLoad (3ms)
				EditorAssembliesLoaded (0ms)
			ExecutionOrderSort2 (0ms)
			AwakeInstancesAfterBackupRestoration (16ms)
Platform modules already initialized, skipping
Refreshing native plugins compatible for Editor in 0.59 ms, found 3 plugins.
Preloading 0 native plugins for Editor in 0.00 ms.
Unloading 2232 Unused Serialized files (Serialized files now loaded: 0)
System memory in use before: 99.3 MB.
System memory in use after: 99.3 MB.

Unloading 22 unused Assets to reduce memory usage. Loaded Objects now: 2691.
Total: 3.191000 ms (FindLiveObjects: 0.244200 ms CreateObjectMapping: 0.088900 ms MarkObjects: 2.718600 ms  DeleteObjects: 0.138200 ms)

AssetImportParameters requested are different than current active one (requested -> active):
  custom:framework-win-MediaFoundation: 216162199b28c13a410421893ffa2e32 -> 
  custom:video-decoder-ogg-theora: a1e56fd34408186e4bbccfd4996cb3dc -> 
  custom:container-muxer-webm: aa71ff27fc2769a1b78a27578f13a17b -> 
  custom:container-demuxer-webm: 4f35f7cbe854078d1ac9338744f61a02 -> 
  custom:container-demuxer-ogg: 62fdf1f143b41e24485cea50d1cbac27 -> 
  custom:video-encoder-webm-vp8: eb34c28f22e8b96e1ab97ce403110664 -> 
  custom:video-decoder-webm-vp8: 9c59270c3fd7afecdb556c50c9e8de78 -> 
  custom:audio-decoder-ogg-vorbis: bf7c407c2cedff20999df2af8eb42d56 -> 
  custom:audio-encoder-webm-vorbis: bf7c407c2cedff20999df2af8eb42d56 -> 
AssetImportWorkerClient::OnTransportError - code=2 error=End of file
